d:\dev\hazel\bin-int\debug-windows-x86_64\hazel\vc142.pdb
d:\dev\hazel\bin-int\debug-windows-x86_64\hazel\vc142.idb
d:\dev\hazel\bin-int\debug-windows-x86_64\hazel\windowswindow.obj
d:\dev\hazel\bin-int\debug-windows-x86_64\hazel\log.obj
d:\dev\hazel\bin-int\debug-windows-x86_64\hazel\application.obj
d:\dev\hazel\bin-int\debug-windows-x86_64\hazel\hazel.pch
d:\dev\hazel\bin-int\debug-windows-x86_64\hazel\hzpch.obj
d:\dev\hazel\bin-int\debug-windows-x86_64\hazel\window.obj
d:\dev\hazel\bin-int\debug-windows-x86_64\hazel\layerstack.obj
d:\dev\hazel\bin-int\debug-windows-x86_64\hazel\layer.obj
d:\dev\hazel\bin\debug-windows-x86_64\hazel\hazel.lib
d:\dev\hazel\bin\debug-windows-x86_64\hazel\hazel.exp
d:\dev\hazel\bin\debug-windows-x86_64\hazel\hazel.dll
d:\dev\hazel\bin\debug-windows-x86_64\hazel\hazel.ilk
d:\dev\hazel\bin\debug-windows-x86_64\hazel\hazel.pdb
d:\dev\hazel\hazel\..\bin\debug-windows-x86_64\hazel\hazel.dll
d:\dev\hazel\bin-int\debug-windows-x86_64\hazel\hazel.tlog\cl.command.1.tlog
d:\dev\hazel\bin-int\debug-windows-x86_64\hazel\hazel.tlog\cl.read.1.tlog
d:\dev\hazel\bin-int\debug-windows-x86_64\hazel\hazel.tlog\cl.write.1.tlog
d:\dev\hazel\bin-int\debug-windows-x86_64\hazel\hazel.tlog\hazel.write.1u.tlog
d:\dev\hazel\bin-int\debug-windows-x86_64\hazel\hazel.tlog\link.13104.delete.1.tlog
d:\dev\hazel\bin-int\debug-windows-x86_64\hazel\hazel.tlog\link.25228.delete.1.tlog
d:\dev\hazel\bin-int\debug-windows-x86_64\hazel\hazel.tlog\link.command.1.tlog
d:\dev\hazel\bin-int\debug-windows-x86_64\hazel\hazel.tlog\link.read.1.tlog
d:\dev\hazel\bin-int\debug-windows-x86_64\hazel\hazel.tlog\link.write.1.tlog
